# JRE version: OpenJDK Runtime Environment Zulu16.32+15-CA (16.0.2+7) (build 16.0.2+7)
# Java VM: OpenJDK 64-Bit Server VM Zulu16.32+15-CA (16.0.2+7, mixed mode, tiered, compressed oops, compressed class ptrs, g1 gc, bsd-aarch64)
GC Precious Log:
 CPUs: 8 total, 8 available
 Memory: 16384M
 Large Page Support: Disabled
 NUMA Support: Disabled
 Compressed Oops: Enabled (Zero based)
 Heap Region Size: 1M
 Heap Min Capacity: 256M
 Heap Initial Capacity: 256M
 Heap Max Capacity: 512M
 Pre-touch: Disabled
 Parallel Workers: 8
 Concurrent Workers: 2
 Concurrent Refinement Workers: 8
 Periodic GC: Disabled
Heap:
 garbage-first heap   total 262144K, used 61911K [0x00000007d3000000, 0x00000007f3000000)
  region size 1024K, 47 young (48128K), 20 survivors (20480K)
 Metaspace       used 51260K, committed 51840K, reserved 262144K
  class space    used 6687K, committed 6912K, reserved 212992K
GC Heap History (12 events):
Event: 0.700 GC heap before
{Heap before GC invocations=0 (full 0):
 garbage-first heap   total 262144K, used 28672K [0x00000007d3000000, 0x00000007f3000000)
  region size 1024K, 23 young (23552K), 0 survivors (0K)
 Metaspace       used 10484K, committed 10688K, reserved 229376K
  class space    used 1060K, committed 1152K, reserved 212992K
}
Event: 0.704 GC heap after
{Heap after GC invocations=1 (full 0):
 garbage-first heap   total 262144K, used 9484K [0x00000007d3000000, 0x00000007f3000000)
  region size 1024K, 3 young (3072K), 3 survivors (3072K)
 Metaspace       used 10484K, committed 10688K, reserved 229376K
  class space    used 1060K, committed 1152K, reserved 212992K
}
Event: 0.873 GC heap before
{Heap before GC invocations=1 (full 0):
 garbage-first heap   total 262144K, used 38156K [0x00000007d3000000, 0x00000007f3000000)
  region size 1024K, 31 young (31744K), 3 survivors (3072K)
 Metaspace       used 11483K, committed 11712K, reserved 229376K
  class space    used 1159K, committed 1280K, reserved 212992K
}
Event: 0.875 GC heap after
{Heap after GC invocations=2 (full 0):
 garbage-first heap   total 262144K, used 13095K [0x00000007d3000000, 0x00000007f3000000)
  region size 1024K, 4 young (4096K), 4 survivors (4096K)
 Metaspace       used 11483K, committed 11712K, reserved 229376K
  class space    used 1159K, committed 1280K, reserved 212992K
}
Event: 1.433 GC heap before
{Heap before GC invocations=2 (full 0):
 garbage-first heap   total 262144K, used 58151K [0x00000007d3000000, 0x00000007f3000000)
  region size 1024K, 49 young (50176K), 4 survivors (4096K)
 Metaspace       used 21001K, committed 21248K, reserved 237568K
  class space    used 2524K, committed 2624K, reserved 212992K
}
Event: 1.436 GC heap after
{Heap after GC invocations=3 (full 0):
 garbage-first heap   total 262144K, used 17350K [0x00000007d3000000, 0x00000007f3000000)
  region size 1024K, 8 young (8192K), 8 survivors (8192K)
 Metaspace       used 21001K, committed 21248K, reserved 237568K
  class space    used 2524K, committed 2624K, reserved 212992K
}
Event: 2.210 GC heap before
{Heap before GC invocations=4 (full 0):
 garbage-first heap   total 262144K, used 92102K [0x00000007d3000000, 0x00000007f3000000)
  region size 1024K, 82 young (83968K), 8 survivors (8192K)
 Metaspace       used 32750K, committed 33216K, reserved 245760K
  class space    used 4349K, committed 4544K, reserved 212992K
}
Event: 2.215 GC heap after
{Heap after GC invocations=5 (full 0):
 garbage-first heap   total 262144K, used 21796K [0x00000007d3000000, 0x00000007f3000000)
  region size 1024K, 9 young (9216K), 9 survivors (9216K)
 Metaspace       used 32750K, committed 33216K, reserved 245760K
  class space    used 4349K, committed 4544K, reserved 212992K
}
Event: 2.289 GC heap before
{Heap before GC invocations=5 (full 0):
 garbage-first heap   total 262144K, used 26916K [0x00000007d3000000, 0x00000007f3000000)
  region size 1024K, 15 young (15360K), 9 survivors (9216K)
 Metaspace       used 35223K, committed 35520K, reserved 245760K
  class space    used 4542K, committed 4672K, reserved 212992K
}
Event: 2.294 GC heap after
{Heap after GC invocations=6 (full 0):
 garbage-first heap   total 262144K, used 23113K [0x00000007d3000000, 0x00000007f3000000)
  region size 1024K, 10 young (10240K), 10 survivors (10240K)
 Metaspace       used 35223K, committed 35520K, reserved 245760K
  class space    used 4542K, committed 4672K, reserved 212992K
}
Event: 3.712 GC heap before
{Heap before GC invocations=7 (full 0):
 garbage-first heap   total 262144K, used 172617K [0x00000007d3000000, 0x00000007f3000000)
  region size 1024K, 153 young (156672K), 10 survivors (10240K)
 Metaspace       used 49965K, committed 50496K, reserved 262144K
  class space    used 6458K, committed 6720K, reserved 212992K
}
Event: 3.723 GC heap after
{Heap after GC invocations=8 (full 0):
 garbage-first heap   total 262144K, used 35287K [0x00000007d3000000, 0x00000007f3000000)
  region size 1024K, 20 young (20480K), 20 survivors (20480K)
 Metaspace       used 49965K, committed 50496K, reserved 262144K
  class space    used 6458K, committed 6720K, reserved 212992K
}

